-------------------------------------------------------------------------------
Test set: com.example.restservice.GreetingControllerTests
-------------------------------------------------------------------------------
Tests run: 1, Failures: 0, Errors: 1, Skipped: 0, Time elapsed: 0.316 s <<< FAILURE! - in com.example.restservice.GreetingControllerTests
com.example.restservice.GreetingControllerTests  Time elapsed: 0.315 s  <<< ERROR!
java.lang.IllegalStateException: Could not load CacheAwareContextLoaderDelegate [org.springframework.test.context.cache.DefaultCacheAwareContextLoaderDelegate]
Caused by: org.springframework.beans.BeanInstantiationException: Failed to instantiate [org.springframework.test.context.cache.DefaultCacheAwareContextLoaderDelegate]: Constructor threw exception
Caused by: java.lang.IllegalStateException: Failed to invoke getContextInitializers() method on org.springframework.test.context.aot.AotTestContextInitializers__Generated
Caused by: java.lang.ClassNotFoundException: org.springframework.test.context.aot.AotTestContextInitializers__Generated

