<?xml version="1.0" encoding="UTF-8"?>
<testsuite xmlns:xsi="http://www.w3.org/2001/XMLSchema-instance" xsi:noNamespaceSchemaLocation="https://maven.apache.org/surefire/maven-surefire-plugin/xsd/surefire-test-report.xsd" name="com.example.restservice.GreetingControllerTests" time="0.316" tests="1" errors="1" skipped="0" failures="0">
  <properties>
[...]
</properties>
  <testcase name="com.example.restservice.GreetingControllerTests" classname="com.example.restservice.GreetingControllerTests" time="0.315">
    <error message="Could not load CacheAwareContextLoaderDelegate [org.springframework.test.context.cache.DefaultCacheAwareContextLoaderDelegate]" type="java.lang.IllegalStateException">java.lang.IllegalStateException: Could not load CacheAwareContextLoaderDelegate [org.springframework.test.context.cache.DefaultCacheAwareContextLoaderDelegate]
Caused by: org.springframework.beans.BeanInstantiationException: Failed to instantiate [org.springframework.test.context.cache.DefaultCacheAwareContextLoaderDelegate]: Constructor threw exception
Caused by: java.lang.IllegalStateException: Failed to invoke getContextInitializers() method on org.springframework.test.context.aot.AotTestContextInitializers__Generated
Caused by: java.lang.ClassNotFoundException: org.springframework.test.context.aot.AotTestContextInitializers__Generated
</error>
  </testcase>
</testsuite>